<?xml version="1.0" encoding="UTF-8"?>
<!-- Generated by org.testng.reporters.JUnitXMLReporter -->
<testsuite ignored="0" hostname="DESKTOP-R49V28S" failures="0" tests="3" name="Test-2" time="31.437" errors="0" timestamp="2025-09-18T15:56:27 IST">
  <testcase classname="com.comcast.crm.ContactsTest.CreateContactTest" name="createContactTest" time="4.602"/>
  <testcase classname="com.comcast.crm.ContactsTest.CreateContactTest" name="createContactWithDate" time="4.697"/>
  <testcase classname="com.comcast.crm.ContactsTest.CreateContactTest" name="createContactWithOrg" time="9.31"/>
</testsuite> <!-- Test-2 -->
