<?xml version="1.0" encoding="UTF-8"?>
<!-- Generated by org.testng.reporters.JUnitXMLReporter -->
<testsuite ignored="0" hostname="DESKTOP-R49V28S" failures="0" tests="3" name="Test-1" time="26.978" errors="0" timestamp="2025-09-18T15:56:23 IST">
  <testcase classname="com.comcast.crm.OrganizationTest.CreateOrgTest" name="createContactWithPhoneNumber" time="4.971"/>
  <testcase classname="com.comcast.crm.OrganizationTest.CreateOrgTest" name="createOrgTest" time="4.62"/>
  <testcase classname="com.comcast.crm.OrganizationTest.CreateOrgTest" name="createOrgWithIndustries" time="4.746"/>
</testsuite> <!-- Test-1 -->
