<?xml version="1.0" encoding="UTF-8"?>
<!-- Generated by org.testng.reporters.JUnitReportReporter -->
<testsuite hostname="DESKTOP-R49V28S" failures="0" tests="1" name="com.comcast.crm.contacttest1.CreateContactWithOrgTest" time="12.559" errors="0" timestamp="2025-09-17T12:26:49 IST" skipped="0">
  <testcase classname="com.comcast.crm.contacttest1.CreateContactWithOrgTest" name="createContactWithOrg" time="12.559"/>
</testsuite> <!-- com.comcast.crm.contacttest1.CreateContactWithOrgTest -->
