<?xml version="1.0" encoding="UTF-8"?>
<!-- Generated by org.testng.reporters.JUnitReportReporter -->
<testsuite hostname="DESKTOP-R49V28S" failures="0" tests="1" name="com.comcast.crm.ContactsTest.CreateContactTest$CreateContactTestWithSupportDateTest" time="8.052" errors="0" timestamp="2025-09-17T12:42:38 IST" skipped="0">
  <testcase classname="com.comcast.crm.ContactsTest.CreateContactTest$CreateContactTestWithSupportDateTest" name="createContactWithDate" time="8.052"/>
</testsuite> <!-- com.comcast.crm.ContactsTest.CreateContactTest$CreateContactTestWithSupportDateTest -->
