<?xml version="1.0" encoding="UTF-8"?>
<!-- Generated by org.testng.reporters.JUnitReportReporter -->
<testsuite hostname="DESKTOP-R49V28S" failures="0" tests="1" name="com.comcast.crm.orgtest1.CreateOrgTestWithIndustries" time="11.118" errors="0" timestamp="2025-09-17T11:17:05 IST" skipped="0">
  <testcase classname="com.comcast.crm.orgtest1.CreateOrgTestWithIndustries" name="createOrgWithIndustries" time="11.118"/>
</testsuite> <!-- com.comcast.crm.orgtest1.CreateOrgTestWithIndustries -->
