<?xml version="1.0" encoding="UTF-8"?>
<!-- Generated by org.testng.reporters.JUnitReportReporter -->
<testsuite hostname="DESKTOP-R49V28S" failures="0" tests="1" name="com.comcast.crm.orgtest1.CreateOrgTestWithPhoneNumber" time="7.444" errors="0" timestamp="2025-09-17T12:01:26 IST" skipped="0">
  <testcase classname="com.comcast.crm.orgtest1.CreateOrgTestWithPhoneNumber" name="createContactWithPhoneNumber" time="7.444"/>
</testsuite> <!-- com.comcast.crm.orgtest1.CreateOrgTestWithPhoneNumber -->
