<?xml version="1.0" encoding="UTF-8"?>
<!-- Generated by org.testng.reporters.JUnitReportReporter -->
<testsuite hostname="DESKTOP-R49V28S" failures="0" tests="1" name="com.comcast.crm.contacttest1.CreateContactTest" time="8.232" errors="0" timestamp="2025-09-17T11:13:37 IST" skipped="0">
  <testcase classname="com.comcast.crm.contacttest1.CreateContactTest" name="createContactTest" time="8.232"/>
</testsuite> <!-- com.comcast.crm.contacttest1.CreateContactTest -->
