<?xml version="1.0" encoding="UTF-8"?>
<!-- Generated by org.testng.reporters.JUnitReportReporter -->
<testsuite hostname="DESKTOP-R49V28S" failures="0" tests="1" name="com.comcast.crm.contacttest.CreateContactTestWithSupportDateTest2" time="8.880" errors="0" timestamp="2025-09-17T11:10:14 IST" skipped="0">
  <testcase classname="com.comcast.crm.contacttest.CreateContactTestWithSupportDateTest2" name="createContactWithDate" time="8.880"/>
</testsuite> <!-- com.comcast.crm.contacttest.CreateContactTestWithSupportDateTest2 -->
