<?xml version="1.0" encoding="UTF-8"?>
<!-- Generated by org.testng.reporters.JUnitReportReporter -->
<testsuite hostname="DESKTOP-R49V28S" failures="0" tests="1" name="pracice.test.InvoiceTest1" time="0.015" errors="0" timestamp="2025-09-19T15:48:23 IST" skipped="0">
  <testcase classname="pracice.test.InvoiceTest1" name="createInvoiceTest" time="0.015"/>
</testsuite> <!-- pracice.test.InvoiceTest1 -->
