<?xml version="1.0" encoding="UTF-8"?>
<!-- Generated by org.testng.reporters.JUnitReportReporter -->
<testsuite hostname="DESKTOP-R49V28S" failures="0" tests="1" name="pracice.test.DebugTest" time="24.434" errors="0" timestamp="2025-10-06T17:45:30 IST" skipped="0">
  <testcase classname="pracice.test.DebugTest" name="createOrgTest" time="24.434"/>
</testsuite> <!-- pracice.test.DebugTest -->
