<?xml version="1.0" encoding="UTF-8"?>
<!-- Generated by org.testng.reporters.JUnitReportReporter -->
<testsuite hostname="DESKTOP-R49V28S" failures="0" tests="2" name="pracice.test.InvoiceTest" time="97.157" errors="0" timestamp="2025-09-26T12:36:14 IST" skipped="0">
  <testcase classname="pracice.test.InvoiceTest" name="createInvoiceWithContactTest" time="91.833"/>
  <testcase classname="pracice.test.InvoiceTest" name="createInvoiceTest" time="5.324"/>
</testsuite> <!-- pracice.test.InvoiceTest -->
