<?xml version="1.0" encoding="UTF-8"?>
<!-- Generated by org.testng.reporters.JUnitReportReporter -->
<testsuite hostname="DESKTOP-R49V28S" failures="0" tests="1" name="pracice.test.DemoWebshop" time="11.293" errors="0" timestamp="2025-09-29T15:55:40 IST" skipped="0">
  <testcase classname="pracice.test.DemoWebshop" name="vote" time="11.293"/>
</testsuite> <!-- pracice.test.DemoWebshop -->
