<?xml version="1.0" encoding="UTF-8"?>
<!-- Generated by org.testng.reporters.JUnitReportReporter -->
<testsuite hostname="DESKTOP-R49V28S" failures="0" tests="1" name="pracice.test.ShadowRoot" time="52.542" errors="0" timestamp="2025-09-30T11:30:01 IST" skipped="0">
  <testcase classname="pracice.test.ShadowRoot" name="shadowRoot" time="52.542"/>
</testsuite> <!-- pracice.test.ShadowRoot -->
