<?xml version="1.0" encoding="UTF-8"?>
<!-- Generated by org.testng.reporters.JUnitReportReporter -->
<testsuite hostname="DESKTOP-R49V28S" failures="0" tests="1" name="com.comcast.crm.orgtest1.CreateOrgTest" time="8.557" errors="0" timestamp="2025-09-15T18:20:59 IST" skipped="0">
  <testcase classname="com.comcast.crm.orgtest1.CreateOrgTest" name="createOrgTest" time="8.557"/>
</testsuite> <!-- com.comcast.crm.orgtest1.CreateOrgTest -->
