<?xml version="1.0" encoding="UTF-8"?>
<!-- Generated by org.testng.reporters.JUnitReportReporter -->
<testsuite hostname="DESKTOP-R49V28S" failures="0" tests="1" name="pracice.test.DragAndDropElement" time="10.720" errors="0" timestamp="2025-09-26T11:25:32 IST" skipped="0">
  <testcase classname="pracice.test.DragAndDropElement" name="dragAmdDrop" time="10.720"/>
</testsuite> <!-- pracice.test.DragAndDropElement -->
